{"F:\\udemy\\node\\app.js": {"path":"F:\\udemy\\node\\app.js","statementMap":{"0":{"start":{"line":1,"column":0},"end":{"line":1,"column":26}},"1":{"start":{"line":2,"column":16},"end":{"line":2,"column":34}},"2":{"start":{"line":3,"column":13},"end":{"line":3,"column":28}},"3":{"start":{"line":4,"column":18},"end":{"line":4,"column":47}},"4":{"start":{"line":5,"column":29},"end":{"line":5,"column":54}},"5":{"start":{"line":6,"column":23},"end":{"line":6,"column":48}},"6":{"start":{"line":7,"column":25},"end":{"line":7,"column":50}},"7":{"start":{"line":8,"column":12},"end":{"line":8,"column":21}},"8":{"start":{"line":9,"column":18},"end":{"line":9,"column":39}},"9":{"start":{"line":10,"column":17},"end":{"line":10,"column":54}},"10":{"start":{"line":12,"column":0},"end":{"line":12,"column":15}},"11":{"start":{"line":13,"column":0},"end":{"line":13,"column":23}},"12":{"start":{"line":14,"column":0},"end":{"line":14,"column":34}},"13":{"start":{"line":16,"column":13},"end":{"line":16,"column":37}},"14":{"start":{"line":21,"column":0},"end":{"line":23,"column":38}},"15":{"start":{"line":30,"column":0},"end":{"line":30,"column":41}},"16":{"start":{"line":31,"column":0},"end":{"line":31,"column":44}},"17":{"start":{"line":32,"column":0},"end":{"line":32,"column":43}},"18":{"start":{"line":34,"column":0},"end":{"line":38,"column":3}},"19":{"start":{"line":35,"column":4},"end":{"line":37,"column":7}},"20":{"start":{"line":36,"column":8},"end":{"line":36,"column":68}},"21":{"start":{"line":40,"column":2},"end":{"line":40,"column":64}},"22":{"start":{"line":42,"column":0},"end":{"line":42,"column":20}}},"fnMap":{"0":{"name":"(anonymous_0)","decl":{"start":{"line":35,"column":21},"end":{"line":35,"column":22}},"loc":{"start":{"line":35,"column":27},"end":{"line":37,"column":5}},"line":35}},"branchMap":{"0":{"loc":{"start":{"line":10,"column":17},"end":{"line":10,"column":54}},"type":"binary-expr","locations":[{"start":{"line":10,"column":17},"end":{"line":10,"column":37}},{"start":{"line":10,"column":41},"end":{"line":10,"column":54}}],"line":10},"1":{"loc":{"start":{"line":16,"column":13},"end":{"line":16,"column":37}},"type":"binary-expr","locations":[{"start":{"line":16,"column":13},"end":{"line":16,"column":29}},{"start":{"line":16,"column":33},"end":{"line":16,"column":37}}],"line":16},"2":{"loc":{"start":{"line":34,"column":0},"end":{"line":38,"column":3}},"type":"if","locations":[{"start":{"line":34,"column":0},"end":{"line":38,"column":3}},{"start":{},"end":{}}],"line":34},"3":{"loc":{"start":{"line":40,"column":2},"end":{"line":40,"column":63}},"type":"cond-expr","locations":[{"start":{"line":40,"column":28},"end":{"line":40,"column":44}},{"start":{"line":40,"column":47},"end":{"line":40,"column":63}}],"line":40}},"s":{"0":3,"1":3,"2":3,"3":3,"4":3,"5":3,"6":3,"7":3,"8":3,"9":3,"10":3,"11":3,"12":3,"13":3,"14":3,"15":3,"16":3,"17":3,"18":3,"19":0,"20":0,"21":3,"22":3},"f":{"0":0},"b":{"0":[3,0],"1":[3,0],"2":[0,3],"3":[3,0]},"_coverageSchema":"1a1c01bbd47fc00a2c39e90264f33305004495a9","hash":"76b25c669a842ca746f84d1000f51f8499458ced"}
,"F:\\udemy\\node\\config\\mongo.js": {"path":"F:\\udemy\\node\\config\\mongo.js","statementMap":{"0":{"start":{"line":1,"column":17},"end":{"line":1,"column":36}},"1":{"start":{"line":3,"column":17},"end":{"line":3,"column":37}},"2":{"start":{"line":4,"column":18},"end":{"line":23,"column":1}},"3":{"start":{"line":7,"column":19},"end":{"line":7,"column":85}},"4":{"start":{"line":8,"column":4},"end":{"line":21,"column":6}},"5":{"start":{"line":16,"column":8},"end":{"line":19,"column":9}},"6":{"start":{"line":18,"column":13},"end":{"line":18,"column":29}},"7":{"start":{"line":25,"column":0},"end":{"line":25,"column":26}}},"fnMap":{"0":{"name":"(anonymous_0)","decl":{"start":{"line":4,"column":18},"end":{"line":4,"column":19}},"loc":{"start":{"line":4,"column":24},"end":{"line":23,"column":1}},"line":4},"1":{"name":"(anonymous_1)","decl":{"start":{"line":14,"column":4},"end":{"line":14,"column":5}},"loc":{"start":{"line":14,"column":17},"end":{"line":20,"column":5}},"line":14}},"branchMap":{"0":{"loc":{"start":{"line":7,"column":19},"end":{"line":7,"column":85}},"type":"cond-expr","locations":[{"start":{"line":7,"column":41},"end":{"line":7,"column":64}},{"start":{"line":7,"column":67},"end":{"line":7,"column":85}}],"line":7},"1":{"loc":{"start":{"line":16,"column":8},"end":{"line":19,"column":9}},"type":"if","locations":[{"start":{"line":16,"column":8},"end":{"line":19,"column":9}},{"start":{"line":17,"column":13},"end":{"line":19,"column":9}}],"line":16}},"s":{"0":3,"1":3,"2":3,"3":3,"4":3,"5":3,"6":0,"7":3},"f":{"0":3,"1":3},"b":{"0":[0,3],"1":[3,0]},"_coverageSchema":"1a1c01bbd47fc00a2c39e90264f33305004495a9","hash":"e2c523177768d17e80cfce456cebbbfdc07bcdd6"}
,"F:\\udemy\\node\\config\\mysql.js": {"path":"F:\\udemy\\node\\config\\mysql.js","statementMap":{"0":{"start":{"line":1,"column":20},"end":{"line":1,"column":40}},"1":{"start":{"line":4,"column":17},"end":{"line":4,"column":37}},"2":{"start":{"line":6,"column":16},"end":{"line":6,"column":104}},"3":{"start":{"line":7,"column":17},"end":{"line":7,"column":39}},"4":{"start":{"line":8,"column":17},"end":{"line":8,"column":43}},"5":{"start":{"line":9,"column":13},"end":{"line":9,"column":35}},"6":{"start":{"line":11,"column":18},"end":{"line":19,"column":1}},"7":{"start":{"line":21,"column":23},"end":{"line":28,"column":1}},"8":{"start":{"line":22,"column":4},"end":{"line":27,"column":5}},"9":{"start":{"line":23,"column":8},"end":{"line":23,"column":39}},"10":{"start":{"line":24,"column":8},"end":{"line":24,"column":37}},"11":{"start":{"line":26,"column":8},"end":{"line":26,"column":38}},"12":{"start":{"line":31,"column":0},"end":{"line":31,"column":45}}},"fnMap":{"0":{"name":"(anonymous_0)","decl":{"start":{"line":21,"column":23},"end":{"line":21,"column":24}},"loc":{"start":{"line":21,"column":35},"end":{"line":28,"column":1}},"line":21}},"branchMap":{"0":{"loc":{"start":{"line":6,"column":16},"end":{"line":6,"column":104}},"type":"cond-expr","locations":[{"start":{"line":6,"column":39},"end":{"line":6,"column":70}},{"start":{"line":6,"column":73},"end":{"line":6,"column":104}}],"line":6}},"s":{"0":3,"1":3,"2":3,"3":3,"4":3,"5":3,"6":3,"7":3,"8":0,"9":0,"10":0,"11":0,"12":3},"f":{"0":0},"b":{"0":[0,3]},"_coverageSchema":"1a1c01bbd47fc00a2c39e90264f33305004495a9","hash":"4bf07693aee98a1cf8c3aac844802dc0c14d3469"}
,"F:\\udemy\\node\\controllers\\auth.js": {"path":"F:\\udemy\\node\\controllers\\auth.js","statementMap":{"0":{"start":{"line":1,"column":22},"end":{"line":1,"column":50}},"1":{"start":{"line":2,"column":20},"end":{"line":2,"column":49}},"2":{"start":{"line":3,"column":20},"end":{"line":3,"column":40}},"3":{"start":{"line":4,"column":26},"end":{"line":4,"column":60}},"4":{"start":{"line":5,"column":28},"end":{"line":5,"column":59}},"5":{"start":{"line":7,"column":21},"end":{"line":24,"column":3}},"6":{"start":{"line":8,"column":4},"end":{"line":23,"column":5}},"7":{"start":{"line":9,"column":6},"end":{"line":9,"column":29}},"8":{"start":{"line":10,"column":23},"end":{"line":10,"column":50}},"9":{"start":{"line":11,"column":19},"end":{"line":11,"column":39}},"10":{"start":{"line":12,"column":23},"end":{"line":12,"column":51}},"11":{"start":{"line":13,"column":6},"end":{"line":13,"column":61}},"12":{"start":{"line":15,"column":19},"end":{"line":18,"column":7}},"13":{"start":{"line":19,"column":6},"end":{"line":19,"column":21}},"14":{"start":{"line":20,"column":6},"end":{"line":20,"column":24}},"15":{"start":{"line":22,"column":6},"end":{"line":22,"column":49}},"16":{"start":{"line":26,"column":18},"end":{"line":56,"column":1}},"17":{"start":{"line":27,"column":4},"end":{"line":55,"column":5}},"18":{"start":{"line":28,"column":8},"end":{"line":28,"column":31}},"19":{"start":{"line":29,"column":21},"end":{"line":29,"column":63}},"20":{"start":{"line":30,"column":8},"end":{"line":33,"column":9}},"21":{"start":{"line":31,"column":12},"end":{"line":31,"column":59}},"22":{"start":{"line":32,"column":12},"end":{"line":32,"column":18}},"23":{"start":{"line":35,"column":29},"end":{"line":35,"column":49}},"24":{"start":{"line":36,"column":22},"end":{"line":36,"column":62}},"25":{"start":{"line":38,"column":8},"end":{"line":41,"column":9}},"26":{"start":{"line":39,"column":12},"end":{"line":39,"column":57}},"27":{"start":{"line":40,"column":12},"end":{"line":40,"column":18}},"28":{"start":{"line":43,"column":8},"end":{"line":43,"column":53}},"29":{"start":{"line":45,"column":21},"end":{"line":48,"column":9}},"30":{"start":{"line":50,"column":8},"end":{"line":50,"column":23}},"31":{"start":{"line":51,"column":8},"end":{"line":51,"column":24}},"32":{"start":{"line":54,"column":8},"end":{"line":54,"column":42}},"33":{"start":{"line":59,"column":0},"end":{"line":59,"column":41}}},"fnMap":{"0":{"name":"(anonymous_0)","decl":{"start":{"line":7,"column":21},"end":{"line":7,"column":22}},"loc":{"start":{"line":7,"column":41},"end":{"line":24,"column":3}},"line":7},"1":{"name":"(anonymous_1)","decl":{"start":{"line":26,"column":18},"end":{"line":26,"column":19}},"loc":{"start":{"line":26,"column":36},"end":{"line":56,"column":1}},"line":26}},"branchMap":{"0":{"loc":{"start":{"line":30,"column":8},"end":{"line":33,"column":9}},"type":"if","locations":[{"start":{"line":30,"column":8},"end":{"line":33,"column":9}},{"start":{},"end":{}}],"line":30},"1":{"loc":{"start":{"line":38,"column":8},"end":{"line":41,"column":9}},"type":"if","locations":[{"start":{"line":38,"column":8},"end":{"line":41,"column":9}},{"start":{},"end":{}}],"line":38}},"s":{"0":3,"1":3,"2":3,"3":3,"4":3,"5":3,"6":1,"7":1,"8":1,"9":1,"10":1,"11":1,"12":1,"13":1,"14":1,"15":0,"16":3,"17":3,"18":3,"19":3,"20":3,"21":1,"22":1,"23":2,"24":2,"25":2,"26":1,"27":1,"28":1,"29":1,"30":1,"31":1,"32":0,"33":3},"f":{"0":1,"1":3},"b":{"0":[1,2],"1":[1,1]},"_coverageSchema":"1a1c01bbd47fc00a2c39e90264f33305004495a9","hash":"380379feb5d8f4abd3bf88b9b8d5888762b138b1"}
,"F:\\udemy\\node\\controllers\\storage.js": {"path":"F:\\udemy\\node\\controllers\\storage.js","statementMap":{"0":{"start":{"line":1,"column":11},"end":{"line":1,"column":24}},"1":{"start":{"line":2,"column":23},"end":{"line":2,"column":43}},"2":{"start":{"line":3,"column":26},"end":{"line":3,"column":57}},"3":{"start":{"line":4,"column":22},"end":{"line":4,"column":50}},"4":{"start":{"line":7,"column":20},"end":{"line":7,"column":42}},"5":{"start":{"line":8,"column":20},"end":{"line":8,"column":45}},"6":{"start":{"line":18,"column":18},"end":{"line":27,"column":1}},"7":{"start":{"line":20,"column":4},"end":{"line":25,"column":5}},"8":{"start":{"line":21,"column":21},"end":{"line":21,"column":48}},"9":{"start":{"line":22,"column":8},"end":{"line":22,"column":25}},"10":{"start":{"line":24,"column":8},"end":{"line":24,"column":48}},"11":{"start":{"line":35,"column":16},"end":{"line":45,"column":1}},"12":{"start":{"line":37,"column":4},"end":{"line":43,"column":5}},"13":{"start":{"line":38,"column":22},"end":{"line":38,"column":38}},"14":{"start":{"line":39,"column":21},"end":{"line":39,"column":52}},"15":{"start":{"line":40,"column":8},"end":{"line":40,"column":25}},"16":{"start":{"line":42,"column":8},"end":{"line":42,"column":48}},"17":{"start":{"line":53,"column":19},"end":{"line":70,"column":1}},"18":{"start":{"line":55,"column":4},"end":{"line":66,"column":5}},"19":{"start":{"line":56,"column":28},"end":{"line":56,"column":31}},"20":{"start":{"line":57,"column":25},"end":{"line":61,"column":9}},"21":{"start":{"line":62,"column":21},"end":{"line":62,"column":56}},"22":{"start":{"line":63,"column":8},"end":{"line":63,"column":24}},"23":{"start":{"line":65,"column":8},"end":{"line":65,"column":47}},"24":{"start":{"line":78,"column":19},"end":{"line":96,"column":1}},"25":{"start":{"line":80,"column":4},"end":{"line":94,"column":5}},"26":{"start":{"line":81,"column":22},"end":{"line":81,"column":38}},"27":{"start":{"line":82,"column":25},"end":{"line":82,"column":56}},"28":{"start":{"line":83,"column":8},"end":{"line":83,"column":44}},"29":{"start":{"line":84,"column":27},"end":{"line":84,"column":35}},"30":{"start":{"line":85,"column":25},"end":{"line":85,"column":52}},"31":{"start":{"line":87,"column":21},"end":{"line":90,"column":9}},"32":{"start":{"line":91,"column":8},"end":{"line":91,"column":25}},"33":{"start":{"line":93,"column":8},"end":{"line":93,"column":50}},"34":{"start":{"line":98,"column":0},"end":{"line":98,"column":59}}},"fnMap":{"0":{"name":"(anonymous_0)","decl":{"start":{"line":18,"column":18},"end":{"line":18,"column":19}},"loc":{"start":{"line":18,"column":37},"end":{"line":27,"column":1}},"line":18},"1":{"name":"(anonymous_1)","decl":{"start":{"line":35,"column":16},"end":{"line":35,"column":17}},"loc":{"start":{"line":35,"column":35},"end":{"line":45,"column":1}},"line":35},"2":{"name":"(anonymous_2)","decl":{"start":{"line":53,"column":19},"end":{"line":53,"column":20}},"loc":{"start":{"line":53,"column":38},"end":{"line":70,"column":1}},"line":53},"3":{"name":"(anonymous_3)","decl":{"start":{"line":78,"column":19},"end":{"line":78,"column":20}},"loc":{"start":{"line":78,"column":38},"end":{"line":96,"column":1}},"line":78}},"branchMap":{},"s":{"0":3,"1":3,"2":3,"3":3,"4":3,"5":3,"6":3,"7":1,"8":1,"9":1,"10":0,"11":3,"12":1,"13":1,"14":1,"15":1,"16":0,"17":3,"18":1,"19":1,"20":1,"21":1,"22":1,"23":0,"24":3,"25":1,"26":1,"27":1,"28":1,"29":1,"30":1,"31":1,"32":1,"33":0,"34":3},"f":{"0":1,"1":1,"2":1,"3":1},"b":{},"_coverageSchema":"1a1c01bbd47fc00a2c39e90264f33305004495a9","hash":"25080f8a51ff144f597f8d03cf160dda8fb0878a"}
,"F:\\udemy\\node\\controllers\\tracks.js": {"path":"F:\\udemy\\node\\controllers\\tracks.js","statementMap":{"0":{"start":{"line":1,"column":22},"end":{"line":1,"column":42}},"1":{"start":{"line":2,"column":28},"end":{"line":2,"column":59}},"2":{"start":{"line":3,"column":22},"end":{"line":3,"column":50}},"3":{"start":{"line":12,"column":18},"end":{"line":25,"column":1}},"4":{"start":{"line":14,"column":4},"end":{"line":21,"column":5}},"5":{"start":{"line":15,"column":22},"end":{"line":15,"column":30}},"6":{"start":{"line":16,"column":21},"end":{"line":16,"column":54}},"7":{"start":{"line":17,"column":8},"end":{"line":17,"column":26}},"8":{"start":{"line":18,"column":8},"end":{"line":18,"column":29}},"9":{"start":{"line":20,"column":8},"end":{"line":20,"column":48}},"10":{"start":{"line":33,"column":16},"end":{"line":44,"column":1}},"11":{"start":{"line":35,"column":4},"end":{"line":42,"column":5}},"12":{"start":{"line":36,"column":8},"end":{"line":36,"column":31}},"13":{"start":{"line":37,"column":21},"end":{"line":37,"column":24}},"14":{"start":{"line":38,"column":21},"end":{"line":38,"column":54}},"15":{"start":{"line":39,"column":8},"end":{"line":39,"column":24}},"16":{"start":{"line":41,"column":8},"end":{"line":41,"column":45}},"17":{"start":{"line":52,"column":19},"end":{"line":67,"column":1}},"18":{"start":{"line":55,"column":4},"end":{"line":63,"column":5}},"19":{"start":{"line":56,"column":21},"end":{"line":56,"column":37}},"20":{"start":{"line":57,"column":8},"end":{"line":57,"column":26}},"21":{"start":{"line":58,"column":21},"end":{"line":58,"column":51}},"22":{"start":{"line":59,"column":8},"end":{"line":59,"column":24}},"23":{"start":{"line":61,"column":8},"end":{"line":61,"column":22}},"24":{"start":{"line":62,"column":8},"end":{"line":62,"column":50}},"25":{"start":{"line":75,"column":20},"end":{"line":87,"column":1}},"26":{"start":{"line":77,"column":4},"end":{"line":85,"column":5}},"27":{"start":{"line":78,"column":30},"end":{"line":78,"column":46}},"28":{"start":{"line":79,"column":21},"end":{"line":81,"column":9}},"29":{"start":{"line":82,"column":8},"end":{"line":82,"column":24}},"30":{"start":{"line":84,"column":8},"end":{"line":84,"column":52}},"31":{"start":{"line":95,"column":20},"end":{"line":110,"column":1}},"32":{"start":{"line":97,"column":4},"end":{"line":108,"column":5}},"33":{"start":{"line":98,"column":8},"end":{"line":98,"column":31}},"34":{"start":{"line":99,"column":21},"end":{"line":99,"column":24}},"35":{"start":{"line":100,"column":26},"end":{"line":100,"column":60}},"36":{"start":{"line":101,"column":21},"end":{"line":104,"column":9}},"37":{"start":{"line":105,"column":8},"end":{"line":105,"column":24}},"38":{"start":{"line":107,"column":8},"end":{"line":107,"column":51}},"39":{"start":{"line":112,"column":0},"end":{"line":112,"column":70}}},"fnMap":{"0":{"name":"(anonymous_0)","decl":{"start":{"line":12,"column":18},"end":{"line":12,"column":19}},"loc":{"start":{"line":12,"column":37},"end":{"line":25,"column":1}},"line":12},"1":{"name":"(anonymous_1)","decl":{"start":{"line":33,"column":16},"end":{"line":33,"column":17}},"loc":{"start":{"line":33,"column":35},"end":{"line":44,"column":1}},"line":33},"2":{"name":"(anonymous_2)","decl":{"start":{"line":52,"column":19},"end":{"line":52,"column":20}},"loc":{"start":{"line":52,"column":38},"end":{"line":67,"column":1}},"line":52},"3":{"name":"(anonymous_3)","decl":{"start":{"line":75,"column":20},"end":{"line":75,"column":21}},"loc":{"start":{"line":75,"column":39},"end":{"line":87,"column":1}},"line":75},"4":{"name":"(anonymous_4)","decl":{"start":{"line":95,"column":20},"end":{"line":95,"column":21}},"loc":{"start":{"line":95,"column":39},"end":{"line":110,"column":1}},"line":95}},"branchMap":{},"s":{"0":3,"1":3,"2":3,"3":3,"4":1,"5":1,"6":1,"7":1,"8":1,"9":0,"10":3,"11":1,"12":1,"13":1,"14":1,"15":1,"16":0,"17":3,"18":1,"19":1,"20":1,"21":1,"22":1,"23":0,"24":0,"25":3,"26":0,"27":0,"28":0,"29":0,"30":0,"31":3,"32":1,"33":1,"34":1,"35":1,"36":1,"37":1,"38":0,"39":3},"f":{"0":1,"1":1,"2":1,"3":0,"4":1},"b":{},"_coverageSchema":"1a1c01bbd47fc00a2c39e90264f33305004495a9","hash":"c28a7d8d29959ed049de134d40e7d832497ef2d4"}
,"F:\\udemy\\node\\docs\\swagger.js": {"path":"F:\\udemy\\node\\docs\\swagger.js","statementMap":{"0":{"start":{"line":1,"column":21},"end":{"line":1,"column":45}},"1":{"start":{"line":5,"column":25},"end":{"line":114,"column":1}},"2":{"start":{"line":119,"column":16},"end":{"line":125,"column":1}},"3":{"start":{"line":126,"column":29},"end":{"line":126,"column":50}},"4":{"start":{"line":127,"column":0},"end":{"line":127,"column":37}}},"fnMap":{},"branchMap":{},"s":{"0":3,"1":3,"2":3,"3":3,"4":3},"f":{},"b":{},"_coverageSchema":"1a1c01bbd47fc00a2c39e90264f33305004495a9","hash":"86ab4da3544b3eba0dc8be396f3e3340b5d7b66b"}
,"F:\\udemy\\node\\middleware\\customHeader.js": {"path":"F:\\udemy\\node\\middleware\\customHeader.js","statementMap":{"0":{"start":{"line":1,"column":22},"end":{"line":16,"column":1}},"1":{"start":{"line":2,"column":4},"end":{"line":15,"column":5}},"2":{"start":{"line":3,"column":23},"end":{"line":3,"column":42}},"3":{"start":{"line":4,"column":8},"end":{"line":10,"column":9}},"4":{"start":{"line":5,"column":12},"end":{"line":5,"column":19}},"5":{"start":{"line":8,"column":12},"end":{"line":8,"column":27}},"6":{"start":{"line":9,"column":12},"end":{"line":9,"column":51}},"7":{"start":{"line":13,"column":8},"end":{"line":13,"column":23}},"8":{"start":{"line":14,"column":8},"end":{"line":14,"column":60}},"9":{"start":{"line":18,"column":0},"end":{"line":18,"column":30}}},"fnMap":{"0":{"name":"(anonymous_0)","decl":{"start":{"line":1,"column":22},"end":{"line":1,"column":23}},"loc":{"start":{"line":1,"column":40},"end":{"line":16,"column":1}},"line":1}},"branchMap":{"0":{"loc":{"start":{"line":4,"column":8},"end":{"line":10,"column":9}},"type":"if","locations":[{"start":{"line":4,"column":8},"end":{"line":10,"column":9}},{"start":{"line":7,"column":12},"end":{"line":10,"column":9}}],"line":4}},"s":{"0":3,"1":0,"2":0,"3":0,"4":0,"5":0,"6":0,"7":0,"8":0,"9":3},"f":{"0":0},"b":{"0":[0,0]},"_coverageSchema":"1a1c01bbd47fc00a2c39e90264f33305004495a9","hash":"c302de48ca6825bfc25f603dc014486e9c20313b"}
,"F:\\udemy\\node\\middleware\\rol.js": {"path":"F:\\udemy\\node\\middleware\\rol.js","statementMap":{"0":{"start":{"line":1,"column":28},"end":{"line":1,"column":59}},"1":{"start":{"line":8,"column":17},"end":{"line":23,"column":1}},"2":{"start":{"line":8,"column":28},"end":{"line":23,"column":1}},"3":{"start":{"line":9,"column":4},"end":{"line":22,"column":5}},"4":{"start":{"line":10,"column":23},"end":{"line":10,"column":26}},"5":{"start":{"line":11,"column":28},"end":{"line":11,"column":37}},"6":{"start":{"line":13,"column":30},"end":{"line":14,"column":40}},"7":{"start":{"line":14,"column":8},"end":{"line":14,"column":39}},"8":{"start":{"line":15,"column":8},"end":{"line":18,"column":9}},"9":{"start":{"line":16,"column":12},"end":{"line":16,"column":50}},"10":{"start":{"line":17,"column":12},"end":{"line":17,"column":19}},"11":{"start":{"line":19,"column":8},"end":{"line":19,"column":14}},"12":{"start":{"line":21,"column":8},"end":{"line":21,"column":50}},"13":{"start":{"line":26,"column":0},"end":{"line":26,"column":27}}},"fnMap":{"0":{"name":"(anonymous_0)","decl":{"start":{"line":8,"column":17},"end":{"line":8,"column":18}},"loc":{"start":{"line":8,"column":28},"end":{"line":23,"column":1}},"line":8},"1":{"name":"(anonymous_1)","decl":{"start":{"line":8,"column":28},"end":{"line":8,"column":29}},"loc":{"start":{"line":8,"column":46},"end":{"line":23,"column":1}},"line":8},"2":{"name":"(anonymous_2)","decl":{"start":{"line":13,"column":41},"end":{"line":13,"column":42}},"loc":{"start":{"line":14,"column":8},"end":{"line":14,"column":39}},"line":14}},"branchMap":{"0":{"loc":{"start":{"line":15,"column":8},"end":{"line":18,"column":9}},"type":"if","locations":[{"start":{"line":15,"column":8},"end":{"line":18,"column":9}},{"start":{},"end":{}}],"line":15}},"s":{"0":3,"1":3,"2":3,"3":1,"4":1,"5":1,"6":1,"7":1,"8":1,"9":0,"10":0,"11":1,"12":0,"13":3},"f":{"0":3,"1":1,"2":1},"b":{"0":[0,1]},"_coverageSchema":"1a1c01bbd47fc00a2c39e90264f33305004495a9","hash":"b439063e6bb2c7851c198b41a9099b4305b0cb72"}
,"F:\\udemy\\node\\middleware\\sesions.js": {"path":"F:\\udemy\\node\\middleware\\sesions.js","statementMap":{"0":{"start":{"line":1,"column":26},"end":{"line":1,"column":57}},"1":{"start":{"line":2,"column":24},"end":{"line":2,"column":53}},"2":{"start":{"line":3,"column":20},"end":{"line":3,"column":40}},"3":{"start":{"line":4,"column":24},"end":{"line":4,"column":52}},"4":{"start":{"line":5,"column":23},"end":{"line":5,"column":65}},"5":{"start":{"line":6,"column":23},"end":{"line":6,"column":39}},"6":{"start":{"line":8,"column":23},"end":{"line":35,"column":1}},"7":{"start":{"line":9,"column":4},"end":{"line":34,"column":5}},"8":{"start":{"line":11,"column":8},"end":{"line":13,"column":9}},"9":{"start":{"line":12,"column":12},"end":{"line":12,"column":48}},"10":{"start":{"line":15,"column":22},"end":{"line":15,"column":64}},"11":{"start":{"line":16,"column":26},"end":{"line":16,"column":50}},"12":{"start":{"line":18,"column":8},"end":{"line":21,"column":9}},"13":{"start":{"line":19,"column":12},"end":{"line":19,"column":56}},"14":{"start":{"line":20,"column":12},"end":{"line":20,"column":18}},"15":{"start":{"line":23,"column":22},"end":{"line":25,"column":9}},"16":{"start":{"line":27,"column":21},"end":{"line":27,"column":51}},"17":{"start":{"line":28,"column":8},"end":{"line":28,"column":23}},"18":{"start":{"line":30,"column":8},"end":{"line":30,"column":14}},"19":{"start":{"line":33,"column":8},"end":{"line":33,"column":47}},"20":{"start":{"line":37,"column":0},"end":{"line":37,"column":33}}},"fnMap":{"0":{"name":"(anonymous_0)","decl":{"start":{"line":8,"column":23},"end":{"line":8,"column":24}},"loc":{"start":{"line":8,"column":46},"end":{"line":35,"column":1}},"line":8}},"branchMap":{"0":{"loc":{"start":{"line":11,"column":8},"end":{"line":13,"column":9}},"type":"if","locations":[{"start":{"line":11,"column":8},"end":{"line":13,"column":9}},{"start":{},"end":{}}],"line":11},"1":{"loc":{"start":{"line":18,"column":8},"end":{"line":21,"column":9}},"type":"if","locations":[{"start":{"line":18,"column":8},"end":{"line":21,"column":9}},{"start":{},"end":{}}],"line":18}},"s":{"0":3,"1":3,"2":3,"3":3,"4":3,"5":3,"6":3,"7":4,"8":4,"9":0,"10":4,"11":4,"12":4,"13":0,"14":0,"15":4,"16":4,"17":4,"18":4,"19":0,"20":3},"f":{"0":4},"b":{"0":[0,4],"1":[0,4]},"_coverageSchema":"1a1c01bbd47fc00a2c39e90264f33305004495a9","hash":"8ef33bd905ca4935ecc3705ebed2fc0b1a117397"}
,"F:\\udemy\\node\\models\\index.js": {"path":"F:\\udemy\\node\\models\\index.js","statementMap":{"0":{"start":{"line":1,"column":18},"end":{"line":1,"column":39}},"1":{"start":{"line":3,"column":19},"end":{"line":3,"column":64}},"2":{"start":{"line":5,"column":14},"end":{"line":10,"column":1}},"3":{"start":{"line":13,"column":0},"end":{"line":13,"column":23}}},"fnMap":{},"branchMap":{"0":{"loc":{"start":{"line":3,"column":19},"end":{"line":3,"column":64}},"type":"cond-expr","locations":[{"start":{"line":3,"column":43},"end":{"line":3,"column":52}},{"start":{"line":3,"column":55},"end":{"line":3,"column":64}}],"line":3}},"s":{"0":3,"1":3,"2":3,"3":3},"f":{},"b":{"0":[3,0]},"_coverageSchema":"1a1c01bbd47fc00a2c39e90264f33305004495a9","hash":"0b81e778a4655c24ec64bf1e19444e9a98344418"}
,"F:\\udemy\\node\\models\\nosql\\storage.js": {"path":"F:\\udemy\\node\\models\\nosql\\storage.js","statementMap":{"0":{"start":{"line":1,"column":17},"end":{"line":1,"column":36}},"1":{"start":{"line":2,"column":23},"end":{"line":2,"column":49}},"2":{"start":{"line":3,"column":22},"end":{"line":16,"column":1}},"3":{"start":{"line":17,"column":0},"end":{"line":17,"column":62}},"4":{"start":{"line":18,"column":0},"end":{"line":18,"column":56}}},"fnMap":{},"branchMap":{},"s":{"0":3,"1":3,"2":3,"3":3,"4":3},"f":{},"b":{},"_coverageSchema":"1a1c01bbd47fc00a2c39e90264f33305004495a9","hash":"ae04de8aa9a0e810a4c10b6e00dfaf4700b351ed"}
,"F:\\udemy\\node\\models\\nosql\\tracks.js": {"path":"F:\\udemy\\node\\models\\nosql\\tracks.js","statementMap":{"0":{"start":{"line":1,"column":17},"end":{"line":1,"column":36}},"1":{"start":{"line":2,"column":23},"end":{"line":2,"column":49}},"2":{"start":{"line":3,"column":21},"end":{"line":47,"column":1}},"3":{"start":{"line":15,"column":20},"end":{"line":15,"column":32}},"4":{"start":{"line":49,"column":0},"end":{"line":64,"column":1}},"5":{"start":{"line":50,"column":21},"end":{"line":62,"column":6}},"6":{"start":{"line":63,"column":4},"end":{"line":63,"column":19}},"7":{"start":{"line":67,"column":0},"end":{"line":88,"column":1}},"8":{"start":{"line":68,"column":21},"end":{"line":86,"column":6}},"9":{"start":{"line":87,"column":4},"end":{"line":87,"column":19}},"10":{"start":{"line":90,"column":0},"end":{"line":90,"column":61}},"11":{"start":{"line":91,"column":0},"end":{"line":91,"column":54}}},"fnMap":{"0":{"name":"(anonymous_0)","decl":{"start":{"line":14,"column":27},"end":{"line":14,"column":28}},"loc":{"start":{"line":14,"column":35},"end":{"line":16,"column":17}},"line":14},"1":{"name":"(anonymous_1)","decl":{"start":{"line":49,"column":35},"end":{"line":49,"column":36}},"loc":{"start":{"line":49,"column":46},"end":{"line":64,"column":1}},"line":49},"2":{"name":"(anonymous_2)","decl":{"start":{"line":67,"column":35},"end":{"line":67,"column":36}},"loc":{"start":{"line":67,"column":48},"end":{"line":88,"column":1}},"line":67}},"branchMap":{},"s":{"0":3,"1":3,"2":3,"3":1,"4":3,"5":1,"6":1,"7":3,"8":1,"9":1,"10":3,"11":3},"f":{"0":1,"1":1,"2":1},"b":{},"_coverageSchema":"1a1c01bbd47fc00a2c39e90264f33305004495a9","hash":"a926de6d765fea7d62c4c072e4de64bb06a37c25"}
,"F:\\udemy\\node\\models\\nosql\\users.js": {"path":"F:\\udemy\\node\\models\\nosql\\users.js","statementMap":{"0":{"start":{"line":1,"column":17},"end":{"line":1,"column":36}},"1":{"start":{"line":2,"column":23},"end":{"line":2,"column":49}},"2":{"start":{"line":3,"column":19},"end":{"line":27,"column":1}},"3":{"start":{"line":28,"column":0},"end":{"line":28,"column":59}},"4":{"start":{"line":29,"column":0},"end":{"line":29,"column":51}}},"fnMap":{},"branchMap":{},"s":{"0":3,"1":3,"2":3,"3":3,"4":3},"f":{},"b":{},"_coverageSchema":"1a1c01bbd47fc00a2c39e90264f33305004495a9","hash":"a3a7374072e31c4b5e02f5feb5fea7e30df2c8e6"}
,"F:\\udemy\\node\\routes\\auth.js": {"path":"F:\\udemy\\node\\routes\\auth.js","statementMap":{"0":{"start":{"line":1,"column":16},"end":{"line":1,"column":34}},"1":{"start":{"line":2,"column":35},"end":{"line":2,"column":65}},"2":{"start":{"line":3,"column":46},"end":{"line":3,"column":75}},"3":{"start":{"line":4,"column":15},"end":{"line":4,"column":31}},"4":{"start":{"line":27,"column":0},"end":{"line":27,"column":55}},"5":{"start":{"line":50,"column":0},"end":{"line":50,"column":46}},"6":{"start":{"line":53,"column":0},"end":{"line":53,"column":25}}},"fnMap":{},"branchMap":{},"s":{"0":3,"1":3,"2":3,"3":3,"4":3,"5":3,"6":3},"f":{},"b":{},"_coverageSchema":"1a1c01bbd47fc00a2c39e90264f33305004495a9","hash":"522555e0858778dc1cf29e0e336c909fbe1df434"}
,"F:\\udemy\\node\\routes\\storage.js": {"path":"F:\\udemy\\node\\routes\\storage.js","statementMap":{"0":{"start":{"line":1,"column":16},"end":{"line":1,"column":34}},"1":{"start":{"line":2,"column":66},"end":{"line":2,"column":99}},"2":{"start":{"line":3,"column":25},"end":{"line":3,"column":58}},"3":{"start":{"line":4,"column":29},"end":{"line":4,"column":61}},"4":{"start":{"line":5,"column":15},"end":{"line":5,"column":31}},"5":{"start":{"line":37,"column":0},"end":{"line":37,"column":69}},"6":{"start":{"line":56,"column":0},"end":{"line":56,"column":31}},"7":{"start":{"line":82,"column":0},"end":{"line":82,"column":51}},"8":{"start":{"line":108,"column":0},"end":{"line":108,"column":57}},"9":{"start":{"line":110,"column":0},"end":{"line":110,"column":24}}},"fnMap":{},"branchMap":{},"s":{"0":3,"1":3,"2":3,"3":3,"4":3,"5":3,"6":3,"7":3,"8":3,"9":3},"f":{},"b":{},"_coverageSchema":"1a1c01bbd47fc00a2c39e90264f33305004495a9","hash":"d4f87daecd54de1b2ccf1f14a48a98bf2e6709ce"}
,"F:\\udemy\\node\\routes\\tracks.js": {"path":"F:\\udemy\\node\\routes\\tracks.js","statementMap":{"0":{"start":{"line":1,"column":16},"end":{"line":1,"column":34}},"1":{"start":{"line":2,"column":66},"end":{"line":2,"column":98}},"2":{"start":{"line":3,"column":21},"end":{"line":3,"column":58}},"3":{"start":{"line":4,"column":21},"end":{"line":4,"column":49}},"4":{"start":{"line":5,"column":27},"end":{"line":5,"column":59}},"5":{"start":{"line":6,"column":50},"end":{"line":6,"column":81}},"6":{"start":{"line":7,"column":15},"end":{"line":7,"column":31}},"7":{"start":{"line":29,"column":0},"end":{"line":29,"column":46}},"8":{"start":{"line":55,"column":0},"end":{"line":55,"column":66}},"9":{"start":{"line":86,"column":0},"end":{"line":86,"column":89}},"10":{"start":{"line":110,"column":0},"end":{"line":110,"column":98}},"11":{"start":{"line":136,"column":0},"end":{"line":136,"column":72}},"12":{"start":{"line":138,"column":0},"end":{"line":138,"column":25}}},"fnMap":{},"branchMap":{},"s":{"0":3,"1":3,"2":3,"3":3,"4":3,"5":3,"6":3,"7":3,"8":3,"9":3,"10":3,"11":3,"12":3},"f":{},"b":{},"_coverageSchema":"1a1c01bbd47fc00a2c39e90264f33305004495a9","hash":"b7829ec7cc9c17a9d1e9da25af21827dac4e60f1"}
,"F:\\udemy\\node\\test\\helper\\helperData.js": {"path":"F:\\udemy\\node\\test\\helper\\helperData.js","statementMap":{"0":{"start":{"line":1,"column":22},"end":{"line":4,"column":3}},"1":{"start":{"line":6,"column":27},"end":{"line":11,"column":3}},"2":{"start":{"line":13,"column":34},"end":{"line":19,"column":5}},"3":{"start":{"line":21,"column":32},"end":{"line":24,"column":5}},"4":{"start":{"line":26,"column":26},"end":{"line":40,"column":3}},"5":{"start":{"line":43,"column":4},"end":{"line":49,"column":5}}},"fnMap":{},"branchMap":{},"s":{"0":2,"1":2,"2":2,"3":2,"4":2,"5":2},"f":{},"b":{},"_coverageSchema":"1a1c01bbd47fc00a2c39e90264f33305004495a9","hash":"5f57d9308180350ee58de0694997b42fc5b702a3"}
,"F:\\udemy\\node\\utils\\handleError.js": {"path":"F:\\udemy\\node\\utils\\handleError.js","statementMap":{"0":{"start":{"line":1,"column":23},"end":{"line":4,"column":1}},"1":{"start":{"line":2,"column":4},"end":{"line":2,"column":21}},"2":{"start":{"line":3,"column":4},"end":{"line":3,"column":31}},"3":{"start":{"line":6,"column":0},"end":{"line":6,"column":35}}},"fnMap":{"0":{"name":"(anonymous_0)","decl":{"start":{"line":1,"column":23},"end":{"line":1,"column":24}},"loc":{"start":{"line":1,"column":66},"end":{"line":4,"column":1}},"line":1}},"branchMap":{"0":{"loc":{"start":{"line":1,"column":29},"end":{"line":1,"column":52}},"type":"default-arg","locations":[{"start":{"line":1,"column":38},"end":{"line":1,"column":52}}],"line":1},"1":{"loc":{"start":{"line":1,"column":54},"end":{"line":1,"column":62}},"type":"default-arg","locations":[{"start":{"line":1,"column":59},"end":{"line":1,"column":62}}],"line":1}},"s":{"0":3,"1":2,"2":2,"3":3},"f":{"0":2},"b":{"0":[0],"1":[0]},"_coverageSchema":"1a1c01bbd47fc00a2c39e90264f33305004495a9","hash":"4fe2ccd0b71de09b924bbcd83ac7556b92c5fdd7"}
,"F:\\udemy\\node\\utils\\handleJWT.js": {"path":"F:\\udemy\\node\\utils\\handleJWT.js","statementMap":{"0":{"start":{"line":1,"column":12},"end":{"line":1,"column":35}},"1":{"start":{"line":2,"column":19},"end":{"line":2,"column":41}},"2":{"start":{"line":3,"column":22},"end":{"line":3,"column":64}},"3":{"start":{"line":4,"column":22},"end":{"line":4,"column":37}},"4":{"start":{"line":7,"column":18},"end":{"line":19,"column":1}},"5":{"start":{"line":8,"column":17},"end":{"line":17,"column":5}},"6":{"start":{"line":18,"column":4},"end":{"line":18,"column":15}},"7":{"start":{"line":23,"column":20},"end":{"line":29,"column":1}},"8":{"start":{"line":24,"column":4},"end":{"line":28,"column":5}},"9":{"start":{"line":25,"column":8},"end":{"line":25,"column":47}},"10":{"start":{"line":27,"column":8},"end":{"line":27,"column":19}},"11":{"start":{"line":31,"column":0},"end":{"line":31,"column":43}}},"fnMap":{"0":{"name":"(anonymous_0)","decl":{"start":{"line":7,"column":18},"end":{"line":7,"column":19}},"loc":{"start":{"line":7,"column":34},"end":{"line":19,"column":1}},"line":7},"1":{"name":"(anonymous_1)","decl":{"start":{"line":23,"column":20},"end":{"line":23,"column":21}},"loc":{"start":{"line":23,"column":40},"end":{"line":29,"column":1}},"line":23}},"branchMap":{},"s":{"0":3,"1":3,"2":3,"3":3,"4":3,"5":4,"6":4,"7":3,"8":4,"9":4,"10":0,"11":3},"f":{"0":4,"1":4},"b":{},"_coverageSchema":"1a1c01bbd47fc00a2c39e90264f33305004495a9","hash":"a12b0c4992847ac5b8596e03b9752674cfb85a4f"}
,"F:\\udemy\\node\\utils\\handlePassword.js": {"path":"F:\\udemy\\node\\utils\\handlePassword.js","statementMap":{"0":{"start":{"line":1,"column":17},"end":{"line":1,"column":36}},"1":{"start":{"line":6,"column":16},"end":{"line":9,"column":1}},"2":{"start":{"line":7,"column":17},"end":{"line":7,"column":54}},"3":{"start":{"line":8,"column":4},"end":{"line":8,"column":16}},"4":{"start":{"line":15,"column":16},"end":{"line":17,"column":1}},"5":{"start":{"line":16,"column":4},"end":{"line":16,"column":61}},"6":{"start":{"line":19,"column":0},"end":{"line":19,"column":34}}},"fnMap":{"0":{"name":"(anonymous_0)","decl":{"start":{"line":6,"column":16},"end":{"line":6,"column":17}},"loc":{"start":{"line":6,"column":40},"end":{"line":9,"column":1}},"line":6},"1":{"name":"(anonymous_1)","decl":{"start":{"line":15,"column":16},"end":{"line":15,"column":17}},"loc":{"start":{"line":15,"column":54},"end":{"line":17,"column":1}},"line":15}},"branchMap":{},"s":{"0":3,"1":3,"2":1,"3":1,"4":3,"5":2,"6":3},"f":{"0":1,"1":2},"b":{},"_coverageSchema":"1a1c01bbd47fc00a2c39e90264f33305004495a9","hash":"9baaa16e9cf65ca111eb4dce64929aa240128224"}
,"F:\\udemy\\node\\utils\\handlePropertiesEngine.js": {"path":"F:\\udemy\\node\\utils\\handlePropertiesEngine.js","statementMap":{"0":{"start":{"line":1,"column":18},"end":{"line":1,"column":39}},"1":{"start":{"line":2,"column":22},"end":{"line":12,"column":1}},"2":{"start":{"line":3,"column":17},"end":{"line":10,"column":5}},"3":{"start":{"line":11,"column":4},"end":{"line":11,"column":26}},"4":{"start":{"line":14,"column":0},"end":{"line":14,"column":31}}},"fnMap":{"0":{"name":"(anonymous_0)","decl":{"start":{"line":2,"column":22},"end":{"line":2,"column":23}},"loc":{"start":{"line":2,"column":27},"end":{"line":12,"column":1}},"line":2}},"branchMap":{},"s":{"0":3,"1":3,"2":6,"3":6,"4":3},"f":{"0":6},"b":{},"_coverageSchema":"1a1c01bbd47fc00a2c39e90264f33305004495a9","hash":"8857d14d1047b3154619dc25bee437cea2f2393a"}
,"F:\\udemy\\node\\utils\\handleStorage.js": {"path":"F:\\udemy\\node\\utils\\handleStorage.js","statementMap":{"0":{"start":{"line":1,"column":15},"end":{"line":1,"column":32}},"1":{"start":{"line":2,"column":16},"end":{"line":16,"column":2}},"2":{"start":{"line":4,"column":28},"end":{"line":4,"column":53}},"3":{"start":{"line":5,"column":8},"end":{"line":5,"column":28}},"4":{"start":{"line":11,"column":20},"end":{"line":11,"column":54}},"5":{"start":{"line":12,"column":25},"end":{"line":12,"column":52}},"6":{"start":{"line":13,"column":8},"end":{"line":13,"column":25}},"7":{"start":{"line":19,"column":25},"end":{"line":19,"column":42}},"8":{"start":{"line":22,"column":0},"end":{"line":22,"column":34}}},"fnMap":{"0":{"name":"(anonymous_0)","decl":{"start":{"line":3,"column":16},"end":{"line":3,"column":17}},"loc":{"start":{"line":3,"column":37},"end":{"line":7,"column":5}},"line":3},"1":{"name":"(anonymous_1)","decl":{"start":{"line":8,"column":13},"end":{"line":8,"column":14}},"loc":{"start":{"line":8,"column":34},"end":{"line":15,"column":5}},"line":8}},"branchMap":{},"s":{"0":3,"1":3,"2":1,"3":1,"4":1,"5":1,"6":1,"7":3,"8":3},"f":{"0":1,"1":1},"b":{},"_coverageSchema":"1a1c01bbd47fc00a2c39e90264f33305004495a9","hash":"de2bfe86dbdff79889d6ad8a15158abe266522a9"}
,"F:\\udemy\\node\\utils\\handleValidator.js": {"path":"F:\\udemy\\node\\utils\\handleValidator.js","statementMap":{"0":{"start":{"line":1,"column":27},"end":{"line":1,"column":56}},"1":{"start":{"line":3,"column":24},"end":{"line":11,"column":1}},"2":{"start":{"line":4,"column":4},"end":{"line":10,"column":5}},"3":{"start":{"line":5,"column":8},"end":{"line":5,"column":38}},"4":{"start":{"line":6,"column":8},"end":{"line":6,"column":22}},"5":{"start":{"line":8,"column":8},"end":{"line":8,"column":24}},"6":{"start":{"line":9,"column":8},"end":{"line":9,"column":33}},"7":{"start":{"line":13,"column":0},"end":{"line":13,"column":33}}},"fnMap":{"0":{"name":"(anonymous_0)","decl":{"start":{"line":3,"column":24},"end":{"line":3,"column":25}},"loc":{"start":{"line":3,"column":41},"end":{"line":11,"column":1}},"line":3}},"branchMap":{},"s":{"0":3,"1":3,"2":9,"3":9,"4":9,"5":0,"6":0,"7":3},"f":{"0":9},"b":{},"_coverageSchema":"1a1c01bbd47fc00a2c39e90264f33305004495a9","hash":"206c1f8e3d7cd0eba3076cacd4dcb1770859b485"}
,"F:\\udemy\\node\\validators\\auth.js": {"path":"F:\\udemy\\node\\validators\\auth.js","statementMap":{"0":{"start":{"line":1,"column":16},"end":{"line":1,"column":44}},"1":{"start":{"line":2,"column":24},"end":{"line":2,"column":59}},"2":{"start":{"line":5,"column":23},"end":{"line":18,"column":1}},"3":{"start":{"line":15,"column":8},"end":{"line":15,"column":44}},"4":{"start":{"line":21,"column":26},"end":{"line":42,"column":1}},"5":{"start":{"line":39,"column":8},"end":{"line":39,"column":44}},"6":{"start":{"line":46,"column":0},"end":{"line":46,"column":53}}},"fnMap":{"0":{"name":"(anonymous_0)","decl":{"start":{"line":14,"column":4},"end":{"line":14,"column":5}},"loc":{"start":{"line":14,"column":22},"end":{"line":16,"column":5}},"line":14},"1":{"name":"(anonymous_1)","decl":{"start":{"line":38,"column":4},"end":{"line":38,"column":5}},"loc":{"start":{"line":38,"column":22},"end":{"line":40,"column":5}},"line":38}},"branchMap":{},"s":{"0":3,"1":3,"2":3,"3":3,"4":3,"5":1,"6":3},"f":{"0":3,"1":1},"b":{},"_coverageSchema":"1a1c01bbd47fc00a2c39e90264f33305004495a9","hash":"d7bdafc6312eef529f3cc8c51758d902804b5163"}
,"F:\\udemy\\node\\validators\\storage.js": {"path":"F:\\udemy\\node\\validators\\storage.js","statementMap":{"0":{"start":{"line":1,"column":16},"end":{"line":1,"column":44}},"1":{"start":{"line":2,"column":24},"end":{"line":2,"column":59}},"2":{"start":{"line":5,"column":25},"end":{"line":13,"column":1}},"3":{"start":{"line":10,"column":8},"end":{"line":10,"column":44}},"4":{"start":{"line":17,"column":0},"end":{"line":17,"column":37}}},"fnMap":{"0":{"name":"(anonymous_0)","decl":{"start":{"line":9,"column":4},"end":{"line":9,"column":5}},"loc":{"start":{"line":9,"column":22},"end":{"line":11,"column":5}},"line":9}},"branchMap":{},"s":{"0":3,"1":3,"2":3,"3":2,"4":3},"f":{"0":2},"b":{},"_coverageSchema":"1a1c01bbd47fc00a2c39e90264f33305004495a9","hash":"5be2ad03b5f75ce25a1bca3126af7bd476c4aeae"}
,"F:\\udemy\\node\\validators\\tracks.js": {"path":"F:\\udemy\\node\\validators\\tracks.js","statementMap":{"0":{"start":{"line":1,"column":16},"end":{"line":1,"column":44}},"1":{"start":{"line":2,"column":24},"end":{"line":2,"column":59}},"2":{"start":{"line":4,"column":28},"end":{"line":42,"column":1}},"3":{"start":{"line":39,"column":8},"end":{"line":39,"column":44}},"4":{"start":{"line":46,"column":25},"end":{"line":54,"column":1}},"5":{"start":{"line":51,"column":8},"end":{"line":51,"column":44}},"6":{"start":{"line":58,"column":0},"end":{"line":58,"column":57}}},"fnMap":{"0":{"name":"(anonymous_0)","decl":{"start":{"line":38,"column":4},"end":{"line":38,"column":5}},"loc":{"start":{"line":38,"column":22},"end":{"line":40,"column":5}},"line":38},"1":{"name":"(anonymous_1)","decl":{"start":{"line":50,"column":4},"end":{"line":50,"column":5}},"loc":{"start":{"line":50,"column":22},"end":{"line":52,"column":5}},"line":50}},"branchMap":{},"s":{"0":3,"1":3,"2":3,"3":1,"4":3,"5":2,"6":3},"f":{"0":1,"1":2},"b":{},"_coverageSchema":"1a1c01bbd47fc00a2c39e90264f33305004495a9","hash":"643c30de055e7d2070b2c7a67b524a8b7fd2de35"}
}
